"SELECT COUNT(*) FROM `persons`"
"SELECT * FROM `persons` LIMIT 20"
"SELECT COUNT(*) FROM `persons`"
"SELECT * FROM `persons` LIMIT 20"
"SELECT COUNT(*) FROM `persons`"
"SELECT * FROM `persons` LIMIT 20"
"SELECT COUNT(*) FROM `persons`"
"SELECT * FROM `persons` LIMIT 20"
"SELECT * FROM `persons` ORDER BY `id` DESC"
"SELECT * FROM `persons` ORDER BY `id` DESC"
"SELECT * FROM `persons` ORDER BY `id` DESC"
"SELECT * FROM `persons` ORDER BY `id` DESC"
"SELECT * FROM `persons` ORDER BY `id` DESC"
"SELECT * FROM `persons` ORDER BY `id` DESC"
"SELECT * FROM `persons` ORDER BY `id` DESC"
"SELECT * FROM `persons` ORDER BY `id` DESC"
"SELECT * FROM `persons` ORDER BY `id` DESC"
"SELECT * FROM `persons` ORDER BY `id` DESC"
"SELECT * FROM `persons` ORDER BY `id` DESC"
"SELECT * FROM `persons` ORDER BY `id` DESC"
"SELECT * FROM `persons` ORDER BY `id` DESC"
"SELECT * FROM `persons` ORDER BY `id` DESC"
"SELECT * FROM `persons` WHERE `id`=:qp0"
"SELECT * FROM `persons` WHERE `id`=:qp0"
"SELECT * FROM `persons` WHERE `id`=:qp0"
"SELECT * FROM `persons` ORDER BY `id` DESC"
"SELECT * FROM `persons` WHERE `id`=:qp0"
"SELECT * FROM `persons` ORDER BY `id` DESC"
"SELECT * FROM `persons` ORDER BY `id` DESC"
"SELECT * FROM `persons` WHERE `id`=:qp0"
"SELECT * FROM `persons` WHERE `id`=:qp0"
"INSERT INTO `persons` (`id`) VALUES (DEFAULT)"
"INSERT INTO `persons` (`id`) VALUES (DEFAULT)"
"SELECT * FROM `persons` WHERE `id`=:qp0"
"SELECT * FROM `persons` WHERE `id`=:qp0"
"SELECT * FROM `persons` WHERE `id`=:qp0"
"SELECT * FROM `persons` ORDER BY `id` DESC"
"SELECT * FROM `persons` ORDER BY `id` DESC"
"SELECT * FROM `persons` WHERE `id`=:qp0"
"INSERT INTO `persons` (`id`) VALUES (DEFAULT)"
"INSERT INTO `persons` (`id`) VALUES (DEFAULT)"
"INSERT INTO `persons` (`id`) VALUES (DEFAULT)"
"SELECT * FROM `persons` ORDER BY `id` DESC"
"INSERT INTO `persons` (`id`) VALUES (DEFAULT)"
"SELECT * FROM `persons` ORDER BY `id` DESC"
"SELECT * FROM `persons` ORDER BY `id` DESC"
"SELECT * FROM `persons` ORDER BY `id` DESC"
"INSERT INTO `persons` (`firstname`, `lastname`) VALUES (:qp0, :qp1)"
"SELECT * FROM `persons` ORDER BY `id` DESC"
"SELECT * FROM `persons` WHERE `id`=:qp0"
"SELECT * FROM `persons` WHERE `id`=:qp0"
"SELECT * FROM `persons` ORDER BY `id` DESC"
"INSERT INTO `persons` (`firstname`, `lastname`) VALUES (:qp0, :qp1)"
"SELECT * FROM `persons` ORDER BY `id` DESC"
"SELECT * FROM `persons` WHERE `id`=:qp0"
"SELECT * FROM `persons` WHERE `id`=:qp0"
"SELECT * FROM `persons` WHERE `id`=:qp0"
"INSERT INTO `persons` (`firstname`, `lastname`) VALUES (:qp0, :qp1)"
"SELECT * FROM `persons` WHERE `id`=:qp0"
"SELECT * FROM `persons` WHERE `id`=:qp0"
"INSERT INTO `persons` (`firstname`, `lastname`) VALUES (:qp0, :qp1)"
"SELECT * FROM `persons` WHERE `id`=:qp0"
"SELECT * FROM `persons` ORDER BY `id` DESC"
"SELECT * FROM `persons` ORDER BY `id` DESC"
"SELECT * FROM `persons` ORDER BY `id` DESC"
"SELECT * FROM `persons` ORDER BY `id` DESC"
"INSERT INTO `persons` (`firstname`, `lastname`) VALUES (:qp0, :qp1)"
"INSERT INTO `persons` (`firstname`, `lastname`) VALUES (:qp0, :qp1)"
"SELECT * FROM `persons` ORDER BY `id` DESC"
"SELECT * FROM `persons` WHERE `id`=:qp0"
"SELECT * FROM `persons` WHERE `id`=:qp0"
"SELECT * FROM `persons` ORDER BY `id` DESC"
"SELECT * FROM `persons` WHERE `id`=:qp0"
"SELECT * FROM `persons` WHERE `id`=:qp0"
"SELECT * FROM `persons` WHERE `id`=:qp0"
SELECT * FROM `persons` WHERE `id`=:qp0
2019-09-17 18:56:53SELECT * FROM `persons` WHERE `id`=:qp0
2019-09-17 18:57:20
SELECT * FROM `persons` WHERE `id`=:qp0
2019-09-17 19:03:47
SELECT * FROM `persons` WHERE `id`=:qp0
2019-09-17 19:23:05
SELECT * FROM `persons` WHERE `id`=:qp0
2019-09-17 19:23:35
SELECT * FROM `persons` WHERE `id`=:qp0
2019-09-17 19:34:25
SELECT * FROM `persons` WHERE `id`=:qp0
